
GET /index.php HTTP/1.1
Host: 127.0.0.1:8001
Cache-Control: max-age=0
Upgrade-Insecure-Requests: 1
User-Agent: Mozilla/5.0 (Macintosh; Intel Mac OS X 10_13_1) AppleWebKit/537.36 (KHTML, like Gecko) Chrome/66.0.3359.181 Safari/537.36
Accept: text/html,application/xhtml+xml,application/xml;q=0.9,image/webp,image/apng,*/*;q=0.8
Accept-Language: zh-CN,zh;q=0.9,en;q=0.8,zh-TW;q=0.7,pl;q=0.6
Cookie: UM_distinctid=16121070c59257-0fcede727de3bb-32647403-13c680-16121070c5a581; CNZZDATA400379=cnzz_eid%3D2126425842-1516677567-%26ntime%3D1516691436; Hm_lvt_2ca0b0d15f83707f9a4b65802faf0f48=1516960997; CNZZDATA1261321738=1744104691-1516943081-http%253A%252F%252F127.0.0.1%253A8080%252F%7C1520591227; lang=zh-cn; device=desktop; theme=default; PHPSESSID=anfs2rhvsjfkpjsnjmsu7vtlr5
Connection: close
Content-Length: 2




HTTP/1.0 200 OK
Date: Tue, 12 Jun 2018 03:44:35 GMT
Server: Apache/2.4.7 (Ubuntu)
X-Powered-By: PHP/5.5.9-1ubuntu4.24
Expires: Thu, 19 Nov 1981 08:52:00 GMT
Cache-Control: no-store, no-cache, must-revalidate, post-check=0, pre-check=0
Pragma: no-cache
Vary: Accept-Encoding
Connection: close
Transfer-Encoding: chunked
Content-Type: text/html;charset=utf-8


<!DOCTYPE html>
<html lang="zh-CN">
<head>
  <meta charset="UTF-8">
  <meta name="viewport" content="width=device-width, initial-scale=1.0">
  <meta http-equiv="X-UA-Compatible" content="ie=edge">
  ......

GET /index.php HTTP/1.1
Host: 127.0.0.1:8001
Cache-Control: max-age=0
Upgrade-Insecure-Requests: 1
User-Agent: Mozilla/5.0 (Macintosh; Intel Mac OS X 10_13_1) AppleWebKit/537.36 (KHTML, like Gecko) Chrome/66.0.3359.181 Safari/537.36
Accept: text/html,application/xhtml+xml,application/xml;q=0.9,image/webp,image/apng,*/*;q=0.8
Accept-Language: zh-CN,zh;q=0.9,en;q=0.8,zh-TW;q=0.7,pl;q=0.6
Cookie: UM_distinctid=16121070c59257-0fcede727de3bb-32647403-13c680-16121070c5a581; CNZZDATA400379=cnzz_eid%3D2126425842-1516677567-%26ntime%3D1516691436; Hm_lvt_2ca0b0d15f83707f9a4b65802faf0f48=1516960997; CNZZDATA1261321738=1744104691-1516943081-http%253A%252F%252F127.0.0.1%253A8080%252F%7C1520591227; lang=zh-cn; device=desktop; theme=default; PHPSESSID=anfs2rhvsjfkpjsnjmsu7vtlr5
Connection: close
Content-Length: 2




HTTP/1.0 200 OK
Date: Tue, 12 Jun 2018 03:44:42 GMT
Server: Apache/2.4.7 (Ubuntu)
X-Powered-By: PHP/5.5.9-1ubuntu4.24
Expires: Thu, 19 Nov 1981 08:52:00 GMT
Cache-Control: no-store, no-cache, must-revalidate, post-check=0, pre-check=0
Pragma: no-cache
Vary: Accept-Encoding
Connection: close
Transfer-Encoding: chunked
Content-Type: text/html;charset=utf-8


<!DOCTYPE html>
<html lang="zh-CN">
<head>
  <meta charset="UTF-8">
  <meta name="viewport" content="width=device-width, initial-scale=1.0">
  <meta http-equiv="X-UA-Compatible" content="ie=edge">
  ......
