
GET / HTTP/1.1
Host: 47.105.121.116:8080
User-Agent: Mozilla/5.0 (Windows NT 10.0; WOW64) AppleWebKit/537.36 (KHTML, like Gecko) Chrome/51.0.2704.103 Safari/537.36
Content-Length: 0



HTTP/1.0 200 OK
Server: Apache-Coyote/1.1
Accept-Ranges: bytes
ETag: W/"1896-1534340853000"
Last-Modified: Wed, 15 Aug 2018 13:47:33 GMT
Content-Type: text/html
Content-Length: 1896
Date: Sat, 18 Aug 2018 09:21:34 GMT

<?xml version="1.0" encoding="ISO-8859-1"?>
<!DOCTYPE html PUBLIC "-//W3C//DTD XHTML 1.0 Strict//EN"
   "http://www.w3.org/TR/xhtml1/DTD/xhtml1-strict.dtd">
<html xmlns="http://www.w3.org/1999/xhtml" xml:lang="en" lang="en">
<head>
    <title>Apache Tomcat</title>
</head>

<body>
<h1>It works !</h1>

<p>If you're seeing this page via a web browser, it means you've setup Tomcat successfully. Congratulations!</p>
 
<p>This is the default Tomcat home page. It can be found on the local filesystem at: <code>/var/lib/tomcat7/webapps/ROOT/index.html</code></p>

<p>Tomcat7 veterans might be pleased to learn that this system instance of Tomcat is installed with <code>CATALINA_HOME</code> in <code>/usr/share/tomcat7</code> and <code>CATALINA_BASE</code> in <code>/var/lib/tomcat7<......