
GET /flag HTTP/1.1
Host: 127.0.0.1:8000
Connection: keep-alive
Pragma: no-cache
Cache-Control: no-cache
Upgrade-Insecure-Requests: 1
User-Agent: Mozilla/5.0 (Macintosh; Intel Mac OS X 10_13_1) AppleWebKit/537.36 (KHTML, like Gecko) Chrome/66.0.3359.181 Safari/537.36 FirePHP/0.7.4
Accept: text/html,application/xhtml+xml,application/xml;q=0.9,image/webp,image/apng,*/*;q=0.8
Accept-Encoding: gzip, deflate, br
Accept-Language: zh-CN,zh;q=0.9,en;q=0.8,zh-TW;q=0.7,pl;q=0.6
Cookie: UM_distinctid=16121070c59257-0fcede727de3bb-32647403-13c680-16121070c5a581; CNZZDATA400379=cnzz_eid%3D2126425842-1516677567-%26ntime%3D1516691436; Hm_lvt_2ca0b0d15f83707f9a4b65802faf0f48=1516960997; CNZZDATA1261321738=1744104691-1516943081-http%253A%252F%252F127.0.0.1%253A8080%252F%7C1520591227; lang=zh-cn; device=desktop; theme=default; PHPSESSID=sa3ok4pmr9eo49rblq6ri6v353



HTTP/1.0 200 OK
Date: Mon, 11 Jun 2018 16:22:44 GMT
Server: Apache/2.4.7 (Ubuntu)
Last-Modified: Mon, 11 Jun 2018 15:56:02 GMT
ETag: "27-56e5fc9508880"
Accept-Ranges: bytes
Content-Length: 39
Keep-Alive: timeout=5, max=100
Connection: Keep-Alive

flag{f9ed3edaf012723757fc39c88297e1e1}

